{"numFailedTestSuites":0,"numFailedTests":0,"numPassedTestSuites":4,"numPassedTests":15,"numPendingTestSuites":0,"numPendingTests":0,"numRuntimeErrorTestSuites":0,"numTodoTests":0,"numTotalTestSuites":4,"numTotalTests":15,"openHandles":[],"snapshot":{"added":0,"didUpdate":false,"failure":false,"filesAdded":0,"filesRemoved":0,"filesRemovedList":[],"filesUnmatched":0,"filesUpdated":0,"matched":0,"total":0,"unchecked":0,"uncheckedKeysByFile":[],"unmatched":0,"updated":0},"startTime":1635005952841,"success":true,"testResults":[{"assertionResults":[{"ancestorTitles":["Button component"],"failureMessages":[],"fullName":"Button component renders without crashing","location":null,"status":"passed","title":"renders without crashing"},{"ancestorTitles":["Button component"],"failureMessages":[],"fullName":"Button component button text render correctly","location":null,"status":"passed","title":"button text render correctly"},{"ancestorTitles":["Button component"],"failureMessages":[],"fullName":"Button component button click event works correctly","location":null,"status":"passed","title":"button click event works correctly"},{"ancestorTitles":["Button component"],"failureMessages":[],"fullName":"Button component button disabled works correctly","location":null,"status":"passed","title":"button disabled works correctly"}],"endTime":1635005956044,"message":"","name":"D:\\ReactWorkspace\\userlogin\\src\\Components\\Button\\Button.test.js","startTime":1635005954234,"status":"passed","summary":""},{"assertionResults":[{"ancestorTitles":["Checkbox component"],"failureMessages":[],"fullName":"Checkbox component renders without crashing","location":null,"status":"passed","title":"renders without crashing"},{"ancestorTitles":["Checkbox component"],"failureMessages":[],"fullName":"Checkbox component checkbox field label render correctly","location":null,"status":"passed","title":"checkbox field label render correctly"},{"ancestorTitles":["Checkbox component"],"failureMessages":[],"fullName":"Checkbox component change of checkbox field value works correctly","location":null,"status":"passed","title":"change of checkbox field value works correctly"}],"endTime":1635005956047,"message":"","name":"D:\\ReactWorkspace\\userlogin\\src\\Components\\Checkbox\\Checkbox.test.js","startTime":1635005954231,"status":"passed","summary":""},{"assertionResults":[{"ancestorTitles":["Input component"],"failureMessages":[],"fullName":"Input component renders without crashing","location":null,"status":"passed","title":"renders without crashing"},{"ancestorTitles":["Input component"],"failureMessages":[],"fullName":"Input component name field label render correctly","location":null,"status":"passed","title":"name field label render correctly"},{"ancestorTitles":["Input component"],"failureMessages":[],"fullName":"Input component password field label render correctly","location":null,"status":"passed","title":"password field label render correctly"},{"ancestorTitles":["Input component"],"failureMessages":[],"fullName":"Input component change of name field value works correctly","location":null,"status":"passed","title":"change of name field value works correctly"},{"ancestorTitles":["Input component"],"failureMessages":[],"fullName":"Input component change of password field value works correctly","location":null,"status":"passed","title":"change of password field value works correctly"}],"endTime":1635005956058,"message":"","name":"D:\\ReactWorkspace\\userlogin\\src\\Components\\Input\\Input.test.js","startTime":1635005954250,"status":"passed","summary":""},{"assertionResults":[{"ancestorTitles":["Button component"],"failureMessages":[],"fullName":"Button component renders without crashing","location":null,"status":"passed","title":"renders without crashing"},{"ancestorTitles":["Button component"],"failureMessages":[],"fullName":"Button component card text render correctly","location":null,"status":"passed","title":"card text render correctly"},{"ancestorTitles":["Button component"],"failureMessages":[],"fullName":"Button component card size, bg-color, text-color render correctly","location":null,"status":"passed","title":"card size, bg-color, text-color render correctly"}],"endTime":1635005956113,"message":"","name":"D:\\ReactWorkspace\\userlogin\\src\\Components\\Card\\Card.test.js","startTime":1635005954278,"status":"passed","summary":""}],"wasInterrupted":false}